
Compiling invisible\jacc\ex4\Ex4Input.txt ...
float1  4
_client  5
Token  1
_stream  4
dstOffset  5
PrescannerChar  1
_sourcePos  14
_invalidEscape  6
InputStream  3
javaSourceInvalidEscape  3
token  4
dstIndex  9
parse  1
length  1
read  2
_sourceEOF  4
Math  2
max  1
SyntaxException  1
IllegalArgumentException  1
fillSource  4
UnicodeEscape  2
srcLimit  4
io  2
PrescannerJavaSourceClient  2
double1  4
java  2
bufSize  3
dstLength  3
close  2
charLoop  8
invisible  1
_sourceBuffer  7
client  2
hexValue  8
PrescannerJavaSource  2
dstArray  6
IOException  4
stream  2
hexDigits  6
jacc  1
c  17
min  1
extra  1
_sourceEnd  10
